android-old/app/build/intermediates/manifest_merge_blame_file/release/manifest-merger-blame-release-report.txt
1<?xml version="1.0" encoding="utf-8"?>
2<manifest xmlns:android="http://schemas.android.com/apk/res/android"
3    package="com.oshia.app"
4    android:versionCode="8"
5    android:versionName="8.0" >
6
7    <uses-sdk
8        android:minSdkVersion="21"
8-->src\main\AndroidManifest.xml
9        android:targetSdkVersion="29" />
9-->src\main\AndroidManifest.xml
10
11    <!-- Permissions -->
12
13    <uses-permission android:name="android.permission.INTERNET" />
13-->src\main\AndroidManifest.xml:47:5-67
13-->src\main\AndroidManifest.xml:47:22-64
14    <!-- Camera, Photos, input file -->
15    <uses-permission android:name="android.permission.READ_EXTERNAL_STORAGE" />
15-->src\main\AndroidManifest.xml:49:5-79
15-->src\main\AndroidManifest.xml:49:22-77
16    <uses-permission android:name="android.permission.WRITE_EXTERNAL_STORAGE" />
16-->src\main\AndroidManifest.xml:50:5-81
16-->src\main\AndroidManifest.xml:50:22-78
17    <!-- Geolocation API -->
18    <uses-permission android:name="android.permission.ACCESS_COARSE_LOCATION" />
18-->src\main\AndroidManifest.xml:52:5-81
18-->src\main\AndroidManifest.xml:52:22-78
19    <uses-permission android:name="android.permission.ACCESS_FINE_LOCATION" />
19-->src\main\AndroidManifest.xml:53:5-79
19-->src\main\AndroidManifest.xml:53:22-76
20
21    <uses-feature android:name="android.hardware.location.gps" />
21-->src\main\AndroidManifest.xml:54:5-66
21-->src\main\AndroidManifest.xml:54:19-63
22    <!-- Network API -->
23    <uses-permission android:name="android.permission.ACCESS_NETWORK_STATE" />
23-->src\main\AndroidManifest.xml:56:5-79
23-->src\main\AndroidManifest.xml:56:22-76
24    <!-- Navigator.getUserMedia -->
25    <!-- Video -->
26    <uses-permission android:name="android.permission.CAMERA" />
26-->src\main\AndroidManifest.xml:59:5-65
26-->src\main\AndroidManifest.xml:59:22-62
27    <!-- Audio -->
28    <uses-permission android:name="android.permission.RECORD_AUDIO" />
28-->src\main\AndroidManifest.xml:61:5-71
28-->src\main\AndroidManifest.xml:61:22-68
29    <uses-permission android:name="android.permission.MODIFY_AUDIO_SETTINGS" />
29-->src\main\AndroidManifest.xml:62:5-79
29-->src\main\AndroidManifest.xml:62:22-77
30
31    <uses-feature
31-->[:capacitor-android] AndroidManifest.xml:11:5-13:36
32        android:name="android.hardware.camera"
32-->[:capacitor-android] AndroidManifest.xml:12:9-47
33        android:required="false" />
33-->[:capacitor-android] AndroidManifest.xml:13:9-33
34
35    <uses-permission android:name="android.permission.RECEIVE_BOOT_COMPLETED" />
35-->[:capacitor-android] AndroidManifest.xml:15:5-81
35-->[:capacitor-android] AndroidManifest.xml:15:22-78
36    <uses-permission android:name="android.permission.WAKE_LOCK" /> <!-- Required by older versions of Google Play services to create IID tokens -->
36-->[:capacitor-android] AndroidManifest.xml:16:5-68
36-->[:capacitor-android] AndroidManifest.xml:16:22-65
37    <uses-permission android:name="com.google.android.c2dm.permission.RECEIVE" />
37-->[com.google.firebase:firebase-iid:20.1.1] AndroidManifest.xml:26:5-82
37-->[com.google.firebase:firebase-iid:20.1.1] AndroidManifest.xml:26:22-79
38
39    <application
39-->src\main\AndroidManifest.xml:5:5-43:19
40        android:allowBackup="true"
40-->src\main\AndroidManifest.xml:6:9-35
41        android:appComponentFactory="androidx.core.app.CoreComponentFactory"
41-->[androidx.core:core:1.2.0] AndroidManifest.xml:24:18-86
42        android:icon="@mipmap/ic_launcher"
42-->src\main\AndroidManifest.xml:7:9-43
43        android:label="@string/app_name"
43-->src\main\AndroidManifest.xml:8:9-41
44        android:roundIcon="@mipmap/ic_launcher_round"
44-->src\main\AndroidManifest.xml:9:9-54
45        android:supportsRtl="true"
45-->src\main\AndroidManifest.xml:10:9-35
46        android:theme="@style/AppTheme" >
46-->src\main\AndroidManifest.xml:11:9-40
47        <activity
47-->src\main\AndroidManifest.xml:13:9-32:20
48            android:name="com.ohis.app.MainActivity"
48-->src\main\AndroidManifest.xml:15:13-53
49            android:configChanges="orientation|keyboardHidden|keyboard|screenSize|locale|smallestScreenSize|screenLayout|uiMode"
49-->src\main\AndroidManifest.xml:14:13-129
50            android:label="@string/title_activity_main"
50-->src\main\AndroidManifest.xml:16:13-56
51            android:launchMode="singleTask"
51-->src\main\AndroidManifest.xml:18:13-44
52            android:theme="@style/AppTheme.NoActionBarLaunch" >
52-->src\main\AndroidManifest.xml:17:13-62
53            <intent-filter>
53-->src\main\AndroidManifest.xml:20:13-23:29
54                <action android:name="android.intent.action.MAIN" />
54-->src\main\AndroidManifest.xml:21:17-69
54-->src\main\AndroidManifest.xml:21:25-66
55
56                <category android:name="android.intent.category.LAUNCHER" />
56-->src\main\AndroidManifest.xml:22:17-77
56-->src\main\AndroidManifest.xml:22:27-74
57            </intent-filter>
58            <intent-filter>
58-->src\main\AndroidManifest.xml:25:13-30:29
59                <action android:name="android.intent.action.VIEW" />
59-->src\main\AndroidManifest.xml:26:17-69
59-->src\main\AndroidManifest.xml:26:25-66
60
61                <category android:name="android.intent.category.DEFAULT" />
61-->src\main\AndroidManifest.xml:27:17-76
61-->src\main\AndroidManifest.xml:27:27-73
62                <category android:name="android.intent.category.BROWSABLE" />
62-->src\main\AndroidManifest.xml:28:17-78
62-->src\main\AndroidManifest.xml:28:27-75
63
64                <data android:scheme="@string/custom_url_scheme" />
64-->src\main\AndroidManifest.xml:29:17-68
64-->src\main\AndroidManifest.xml:29:23-65
65            </intent-filter>
66        </activity>
67
68        <provider
69            android:name="androidx.core.content.FileProvider"
69-->src\main\AndroidManifest.xml:35:13-62
70            android:authorities="com.oshia.app.fileprovider"
70-->src\main\AndroidManifest.xml:36:13-64
71            android:exported="false"
71-->src\main\AndroidManifest.xml:37:13-37
72            android:grantUriPermissions="true" >
72-->src\main\AndroidManifest.xml:38:13-47
73            <meta-data
73-->src\main\AndroidManifest.xml:39:13-41:64
74                android:name="android.support.FILE_PROVIDER_PATHS"
74-->src\main\AndroidManifest.xml:40:17-67
75                android:resource="@xml/file_paths" />
75-->src\main\AndroidManifest.xml:41:17-51
76        </provider>
77
78        <service
78-->[:capacitor-android] AndroidManifest.xml:19:9-21:40
79            android:name="com.getcapacitor.plugin.background.BackgroundTaskService"
79-->[:capacitor-android] AndroidManifest.xml:20:13-84
80            android:exported="false" />
80-->[:capacitor-android] AndroidManifest.xml:21:13-37
81
82        <receiver android:name="com.getcapacitor.plugin.notification.TimedNotificationPublisher" />
82-->[:capacitor-android] AndroidManifest.xml:23:9-100
82-->[:capacitor-android] AndroidManifest.xml:23:19-97
83        <receiver android:name="com.getcapacitor.plugin.notification.NotificationDismissReceiver" />
83-->[:capacitor-android] AndroidManifest.xml:24:9-101
83-->[:capacitor-android] AndroidManifest.xml:24:19-98
84
85        <meta-data
85-->[:capacitor-android] AndroidManifest.xml:26:9-28:37
86            android:name="firebase_messaging_auto_init_enabled"
86-->[:capacitor-android] AndroidManifest.xml:27:13-64
87            android:value="false" />
87-->[:capacitor-android] AndroidManifest.xml:28:13-34
88
89        <service
89-->[:capacitor-android] AndroidManifest.xml:30:9-36:19
90            android:name="com.getcapacitor.CapacitorFirebaseMessagingService"
90-->[:capacitor-android] AndroidManifest.xml:31:13-78
91            android:stopWithTask="false" >
91-->[:capacitor-android] AndroidManifest.xml:32:13-41
92            <intent-filter>
92-->[:capacitor-android] AndroidManifest.xml:33:13-35:29
93                <action android:name="com.google.firebase.MESSAGING_EVENT" />
93-->[:capacitor-android] AndroidManifest.xml:34:17-78
93-->[:capacitor-android] AndroidManifest.xml:34:25-75
94            </intent-filter>
95        </service>
96
97        <receiver
97-->[:capacitor-android] AndroidManifest.xml:38:9-47:20
98            android:name="com.getcapacitor.plugin.notification.LocalNotificationRestoreReceiver"
98-->[:capacitor-android] AndroidManifest.xml:39:13-97
99            android:directBootAware="true"
99-->[:capacitor-android] AndroidManifest.xml:40:13-43
100            android:exported="false" >
100-->[:capacitor-android] AndroidManifest.xml:41:13-37
101            <intent-filter>
101-->[:capacitor-android] AndroidManifest.xml:42:13-46:29
102                <action android:name="android.intent.action.LOCKED_BOOT_COMPLETED" />
102-->[:capacitor-android] AndroidManifest.xml:43:17-86
102-->[:capacitor-android] AndroidManifest.xml:43:25-83
103                <action android:name="android.intent.action.BOOT_COMPLETED" />
103-->[:capacitor-android] AndroidManifest.xml:44:17-79
103-->[:capacitor-android] AndroidManifest.xml:44:25-76
104                <action android:name="android.intent.action.QUICKBOOT_POWERON" />
104-->[:capacitor-android] AndroidManifest.xml:45:17-82
104-->[:capacitor-android] AndroidManifest.xml:45:25-79
105            </intent-filter>
106        </receiver>
107        <!--
108             FirebaseMessagingService performs security checks at runtime,
109             but set to not exported to explicitly avoid allowing another app to call it.
110        -->
111        <service
111-->[com.google.firebase:firebase-messaging:20.1.2] AndroidManifest.xml:28:9-34:19
112            android:name="com.google.firebase.messaging.FirebaseMessagingService"
112-->[com.google.firebase:firebase-messaging:20.1.2] AndroidManifest.xml:29:13-82
113            android:exported="false" >
113-->[com.google.firebase:firebase-messaging:20.1.2] AndroidManifest.xml:30:13-37
114            <intent-filter android:priority="-500" >
114-->[:capacitor-android] AndroidManifest.xml:33:13-35:29
115                <action android:name="com.google.firebase.MESSAGING_EVENT" />
115-->[:capacitor-android] AndroidManifest.xml:34:17-78
115-->[:capacitor-android] AndroidManifest.xml:34:25-75
116            </intent-filter>
117        </service>
118        <service
118-->[com.google.firebase:firebase-messaging:20.1.2] AndroidManifest.xml:35:9-41:19
119            android:name="com.google.firebase.components.ComponentDiscoveryService"
119-->[com.google.firebase:firebase-messaging:20.1.2] AndroidManifest.xml:36:13-84
120            android:directBootAware="true"
120-->[com.google.firebase:firebase-common:19.3.0] AndroidManifest.xml:34:13-43
121            android:exported="false" >
121-->[com.google.firebase:firebase-messaging:20.1.2] AndroidManifest.xml:37:13-37
122            <meta-data
122-->[com.google.firebase:firebase-messaging:20.1.2] AndroidManifest.xml:38:13-40:85
123                android:name="com.google.firebase.components:com.google.firebase.messaging.FirebaseMessagingRegistrar"
123-->[com.google.firebase:firebase-messaging:20.1.2] AndroidManifest.xml:39:17-119
124                android:value="com.google.firebase.components.ComponentRegistrar" />
124-->[com.google.firebase:firebase-messaging:20.1.2] AndroidManifest.xml:40:17-82
125            <meta-data
125-->[com.google.firebase:firebase-datatransport:17.0.3] AndroidManifest.xml:28:13-30:85
126                android:name="com.google.firebase.components:com.google.firebase.datatransport.TransportRegistrar"
126-->[com.google.firebase:firebase-datatransport:17.0.3] AndroidManifest.xml:29:17-115
127                android:value="com.google.firebase.components.ComponentRegistrar" />
127-->[com.google.firebase:firebase-datatransport:17.0.3] AndroidManifest.xml:30:17-82
128            <meta-data
128-->[com.google.firebase:firebase-iid:20.1.1] AndroidManifest.xml:32:13-34:85
129                android:name="com.google.firebase.components:com.google.firebase.iid.Registrar"
129-->[com.google.firebase:firebase-iid:20.1.1] AndroidManifest.xml:33:17-96
130                android:value="com.google.firebase.components.ComponentRegistrar" />
130-->[com.google.firebase:firebase-iid:20.1.1] AndroidManifest.xml:34:17-82
131            <meta-data
131-->[com.google.firebase:firebase-installations:16.0.0] AndroidManifest.xml:17:13-19:85
132                android:name="com.google.firebase.components:com.google.firebase.installations.FirebaseInstallationsRegistrar"
132-->[com.google.firebase:firebase-installations:16.0.0] AndroidManifest.xml:18:17-127
133                android:value="com.google.firebase.components.ComponentRegistrar" />
133-->[com.google.firebase:firebase-installations:16.0.0] AndroidManifest.xml:19:17-82
134        </service>
135
136        <receiver
136-->[com.google.firebase:firebase-iid:20.1.1] AndroidManifest.xml:37:9-44:20
137            android:name="com.google.firebase.iid.FirebaseInstanceIdReceiver"
137-->[com.google.firebase:firebase-iid:20.1.1] AndroidManifest.xml:38:13-78
138            android:exported="true"
138-->[com.google.firebase:firebase-iid:20.1.1] AndroidManifest.xml:39:13-36
139            android:permission="com.google.android.c2dm.permission.SEND" >
139-->[com.google.firebase:firebase-iid:20.1.1] AndroidManifest.xml:40:13-73
140            <intent-filter>
140-->[com.google.firebase:firebase-iid:20.1.1] AndroidManifest.xml:41:13-43:29
141                <action android:name="com.google.android.c2dm.intent.RECEIVE" />
141-->[com.google.firebase:firebase-iid:20.1.1] AndroidManifest.xml:42:17-81
141-->[com.google.firebase:firebase-iid:20.1.1] AndroidManifest.xml:42:25-78
142            </intent-filter>
143        </receiver>
144
145        <provider
145-->[com.google.firebase:firebase-common:19.3.0] AndroidManifest.xml:26:9-30:39
146            android:name="com.google.firebase.provider.FirebaseInitProvider"
146-->[com.google.firebase:firebase-common:19.3.0] AndroidManifest.xml:27:13-77
147            android:authorities="com.oshia.app.firebaseinitprovider"
147-->[com.google.firebase:firebase-common:19.3.0] AndroidManifest.xml:28:13-72
148            android:exported="false"
148-->[com.google.firebase:firebase-common:19.3.0] AndroidManifest.xml:29:13-37
149            android:initOrder="100" />
149-->[com.google.firebase:firebase-common:19.3.0] AndroidManifest.xml:30:13-36
150
151        <activity
151-->[com.google.android.gms:play-services-base:17.0.0] AndroidManifest.xml:23:9-26:75
152            android:name="com.google.android.gms.common.api.GoogleApiActivity"
152-->[com.google.android.gms:play-services-base:17.0.0] AndroidManifest.xml:24:13-79
153            android:exported="false"
153-->[com.google.android.gms:play-services-base:17.0.0] AndroidManifest.xml:25:13-37
154            android:theme="@android:style/Theme.Translucent.NoTitleBar" />
154-->[com.google.android.gms:play-services-base:17.0.0] AndroidManifest.xml:26:13-72
155
156        <meta-data
156-->[com.google.android.gms:play-services-basement:17.0.0] AndroidManifest.xml:23:9-25:69
157            android:name="com.google.android.gms.version"
157-->[com.google.android.gms:play-services-basement:17.0.0] AndroidManifest.xml:24:13-58
158            android:value="@integer/google_play_services_version" />
158-->[com.google.android.gms:play-services-basement:17.0.0] AndroidManifest.xml:25:13-66
159
160        <service
160-->[com.google.android.datatransport:transport-backend-cct:2.2.0] AndroidManifest.xml:29:9-35:19
161            android:name="com.google.android.datatransport.runtime.backends.TransportBackendDiscovery"
161-->[com.google.android.datatransport:transport-backend-cct:2.2.0] AndroidManifest.xml:30:13-103
162            android:exported="false" >
162-->[com.google.android.datatransport:transport-backend-cct:2.2.0] AndroidManifest.xml:31:13-37
163            <meta-data
163-->[com.google.android.datatransport:transport-backend-cct:2.2.0] AndroidManifest.xml:32:13-34:39
164                android:name="backend:com.google.android.datatransport.cct.CctBackendFactory"
164-->[com.google.android.datatransport:transport-backend-cct:2.2.0] AndroidManifest.xml:33:17-94
165                android:value="cct" />
165-->[com.google.android.datatransport:transport-backend-cct:2.2.0] AndroidManifest.xml:34:17-36
166        </service>
167        <service
167-->[com.google.android.datatransport:transport-runtime:2.2.0] AndroidManifest.xml:26:9-30:19
168            android:name="com.google.android.datatransport.runtime.scheduling.jobscheduling.JobInfoSchedulerService"
168-->[com.google.android.datatransport:transport-runtime:2.2.0] AndroidManifest.xml:27:13-117
169            android:exported="false"
169-->[com.google.android.datatransport:transport-runtime:2.2.0] AndroidManifest.xml:28:13-37
170            android:permission="android.permission.BIND_JOB_SERVICE" >
170-->[com.google.android.datatransport:transport-runtime:2.2.0] AndroidManifest.xml:29:13-69
171        </service>
172
173        <receiver
173-->[com.google.android.datatransport:transport-runtime:2.2.0] AndroidManifest.xml:32:9-34:40
174            android:name="com.google.android.datatransport.runtime.scheduling.jobscheduling.AlarmManagerSchedulerBroadcastReceiver"
174-->[com.google.android.datatransport:transport-runtime:2.2.0] AndroidManifest.xml:33:13-132
175            android:exported="false" />
175-->[com.google.android.datatransport:transport-runtime:2.2.0] AndroidManifest.xml:34:13-37
176    </application>
177
178</manifest>